<?xml version="1.0" encoding="utf-8"?><testsuites name="pytest tests"><testsuite name="pytest" errors="0" failures="0" skipped="0" tests="8" time="7.450" timestamp="2026-04-11T00:38:41.790474+00:00" hostname="agent-env-b099ee74-6fa8-4659-8970-033e5976d0bf"><testcase classname="tests.test_api.TestHealthEndpoint" name="test_health_endpoint_returns_200" time="0.183" /><testcase classname="tests.test_api.TestHealthEndpoint" name="test_health_endpoint_returns_ok_status" time="0.160" /><testcase classname="tests.test_api.TestAIInsightsEndpoint" name="test_ai_insights_returns_200_with_valid_data" time="1.555" /><testcase classname="tests.test_api.TestAIInsightsEndpoint" name="test_ai_insights_returns_insight_field" time="2.091" /><testcase classname="tests.test_api.TestAIInsightsEndpoint" name="test_ai_insights_with_minimal_data" time="1.988" /><testcase classname="tests.test_api.TestAIInsightsEndpoint" name="test_ai_insights_with_empty_body" time="1.189" /><testcase classname="tests.test_api.TestRootEndpoint" name="test_root_endpoint_returns_200" time="0.105" /><testcase classname="tests.test_api.TestRootEndpoint" name="test_root_endpoint_returns_message" time="0.113" /></testsuite></testsuites>